[2017-12-13 16:21:09,701] [main.py:74] <INFO> user login local system
[2017-12-13 17:10:43,790] [main.py:62] <INFO> user login local system
[2017-12-13 17:11:09,414] [main.py:192] <INFO> client connect in...
[2017-12-13 17:11:27,009] [main.py:205] <INFO> client login to server successfully
[2017-12-13 17:11:27,009] [server.py:208] <INFO> user [admin] login...
[2017-12-13 17:52:02,182] [main.py:69] <INFO> [1;31;1muser login failed[0m
[2017-12-13 17:52:09,464] [main.py:62] <INFO> [1;34;1muser login local system[0m
[2017-12-13 17:52:36,409] [main.py:192] <INFO> client connect in...
[2017-12-13 17:53:00,264] [server.py:212] <INFO> user [admin] login failed!
[2017-12-13 17:53:40,127] [main.py:192] <INFO> client connect in...
[2017-12-13 17:53:48,510] [main.py:205] <INFO> client login to server successfully
[2017-12-13 18:06:11,622] [main.py:62] <INFO> [1;34;1muser login local system[0m
[2017-12-13 18:06:30,811] [main.py:192] <INFO> client connect in...
[2017-12-13 18:06:35,795] [main.py:205] <INFO> client login to server successfully
[2017-12-13 18:06:35,795] [server.py:208] <INFO> user [admin] login...
[2017-12-24 16:05:41,473] [main.py:62] <INFO> [1;34;1muser login local system[0m
[2017-12-24 16:06:01,020] [main.py:192] <INFO> client connect in...
[2017-12-24 16:06:08,001] [main.py:205] <INFO> client login to server successfully
[2017-12-24 16:06:08,001] [server.py:208] <INFO> user [admin] login...
[2017-12-24 16:07:07,080] [main.py:62] <INFO> [1;34;1muser login local system[0m
[2017-12-24 16:07:13,146] [main.py:192] <INFO> client connect in...
[2017-12-24 16:07:18,246] [main.py:205] <INFO> client login to server successfully
[2017-12-24 16:12:19,872] [main.py:62] <INFO> [1;34;1muser login local system[0m
[2017-12-24 16:12:57,594] [main.py:194] <INFO> client connect in...
[2017-12-24 16:13:00,634] [server.py:209] <INFO> user [admin] login...
[2017-12-24 16:13:00,634] [main.py:207] <INFO> client login to server successfully
[2017-12-24 16:13:37,741] [main.py:220] <INFO> client disconnect from server
[2017-12-24 16:13:37,741] [server.py:224] <INFO> user [admin] logout
[2017-12-24 16:21:23,473] [main.py:62] <INFO> [1;34;1muser login local system[0m
[2017-12-24 16:21:44,482] [main.py:194] <INFO> client connect in...
[2017-12-24 16:21:50,267] [server.py:213] <INFO> user [admin] login failed!
[2017-12-24 16:21:52,345] [main.py:194] <INFO> client connect in...
[2017-12-24 16:21:58,037] [server.py:209] <INFO> user [admin] login...
ccessfully
[2017-12-24 16:22:23,002] [main.py:220] <INFO> client disconnect from server
[2017-12-24 16:22:23,002] [server.py:224] <INFO> user [admin] logout
[2017-12-24 16:24:26,608] [main.py:62] <INFO> [1;34;1muser login local system[0m
[2017-12-24 16:24:32,422] [main.py:193] <INFO> client connect in...
[2017-12-24 16:24:36,788] [server.py:209] <INFO> user [admin] login...
ccessfully
[2017-12-24 16:25:00,802] [main.py:219] <INFO> client disconnect from server
[2017-12-24 16:25:00,802] [server.py:224] <INFO> user [admin] logout
